[2020-10-09 22:27:54] local.ERROR: SQLSTATE[HY000] [1698] Access denied for user 'root'@'localhost' (SQL: select * from `sessions` where `id` = zhzkjxNlIXhMl999kpTp1uFDq2pc0AAAwqCAdZtI limit 1) {"exception":"[object] (Illuminate\\Database\\QueryException(code: 1698): SQLSTATE[HY000] [1698] Access denied for user 'root'@'localhost' (SQL: select * from `sessions` where `id` = zhzkjxNlIXhMl999kpTp1uFDq2pc0AAAwqCAdZtI limit 1) at /home/ahmed/blogme/vendor/laravel/framework/src/Illuminate/Database/Connection.php:671)
[stacktrace]
#0 /home/ahmed/blogme/vendor/laravel/framework/src/Illuminate/Database/Connection.php(631): Illuminate\\Database\\Connection->runQueryCallback()
#1 /home/ahmed/blogme/vendor/laravel/framework/src/Illuminate/Database/Connection.php(339): Illuminate\\Database\\Connection->run()
#2 /home/ahmed/blogme/vendor/laravel/framework/src/Illuminate/Database/Query/Builder.php(2282): Illuminate\\Database\\Connection->select()
#3 /home/ahmed/blogme/vendor/laravel/framework/src/Illuminate/Database/Query/Builder.php(2270): Illuminate\\Database\\Query\\Builder->runSelect()
#4 /home/ahmed/blogme/vendor/laravel/framework/src/Illuminate/Database/Query/Builder.php(2765): Illuminate\\Database\\Query\\Builder->Illuminate\\Database\\Query\\{closure}()
#5 /home/ahmed/blogme/vendor/laravel/framework/src/Illuminate/Database/Query/Builder.php(2271): Illuminate\\Database\\Query\\Builder->onceWithColumns()
#6 /home/ahmed/blogme/vendor/laravel/framework/src/Illuminate/Database/Concerns/BuildsQueries.php(147): Illuminate\\Database\\Query\\Builder->get()
#7 /home/ahmed/blogme/vendor/laravel/framework/src/Illuminate/Database/Query/Builder.php(2245): Illuminate\\Database\\Query\\Builder->first()
#8 /home/ahmed/blogme/vendor/laravel/framework/src/Illuminate/Session/DatabaseSessionHandler.php(91): Illuminate\\Database\\Query\\Builder->find()
#9 /home/ahmed/blogme/vendor/laravel/framework/src/Illuminate/Session/Store.php(97): Illuminate\\Session\\DatabaseSessionHandler->read()
#10 /home/ahmed/blogme/vendor/laravel/framework/src/Illuminate/Session/Store.php(87): Illuminate\\Session\\Store->readFromHandler()
#11 /home/ahmed/blogme/vendor/laravel/framework/src/Illuminate/Session/Store.php(71): Illuminate\\Session\\Store->loadSession()
#12 /home/ahmed/blogme/vendor/laravel/framework/src/Illuminate/Session/Middleware/StartSession.php(142): Illuminate\\Session\\Store->start()
#13 /home/ahmed/blogme/vendor/laravel/framework/src/Illuminate/Support/helpers.php(263): Illuminate\\Session\\Middleware\\StartSession->Illuminate\\Session\\Middleware\\{closure}()
#14 /home/ahmed/blogme/vendor/laravel/framework/src/Illuminate/Session/Middleware/StartSession.php(143): tap()
#15 /home/ahmed/blogme/vendor/laravel/framework/src/Illuminate/Session/Middleware/StartSession.php(111): Illuminate\\Session\\Middleware\\StartSession->startSession()
#16 /home/ahmed/blogme/vendor/laravel/framework/src/Illuminate/Session/Middleware/StartSession.php(62): Illuminate\\Session\\Middleware\\StartSession->handleStatefulRequest()
#17 /home/ahmed/blogme/vendor/laravel/framework/src/Illuminate/Pipeline/Pipeline.php(167): Illuminate\\Session\\Middleware\\StartSession->handle()
#18 /home/ahmed/blogme/vendor/laravel/framework/src/Illuminate/Cookie/Middleware/AddQueuedCookiesToResponse.php(37): Illuminate\\Pipeline\\Pipeline->Illuminate\\Pipeline\\{closure}()
#19 /home/ahmed/blogme/vendor/laravel/framework/src/Illuminate/Pipeline/Pipeline.php(167): Illuminate\\Cookie\\Middleware\\AddQueuedCookiesToResponse->handle()
#20 /home/ahmed/blogme/vendor/laravel/framework/src/Illuminate/Cookie/Middleware/EncryptCookies.php(67): Illuminate\\Pipeline\\Pipeline->Illuminate\\Pipeline\\{closure}()
#21 /home/ahmed/blogme/vendor/laravel/framework/src/Illuminate/Pipeline/Pipeline.php(167): Illuminate\\Cookie\\Middleware\\EncryptCookies->handle()
#22 /home/ahmed/blogme/vendor/laravel/framework/src/Illuminate/Pipeline/Pipeline.php(103): Illuminate\\Pipeline\\Pipeline->Illuminate\\Pipeline\\{closure}()
#23 /home/ahmed/blogme/vendor/laravel/framework/src/Illuminate/Routing/Router.php(693): Illuminate\\Pipeline\\Pipeline->then()
#24 /home/ahmed/blogme/vendor/laravel/framework/src/Illuminate/Routing/Router.php(668): Illuminate\\Routing\\Router->runRouteWithinStack()
#25 /home/ahmed/blogme/vendor/laravel/framework/src/Illuminate/Routing/Router.php(634): Illuminate\\Routing\\Router->runRoute()
#26 /home/ahmed/blogme/vendor/laravel/framework/src/Illuminate/Routing/Router.php(623): Illuminate\\Routing\\Router->dispatchToRoute()
#27 /home/ahmed/blogme/vendor/laravel/framework/src/Illuminate/Foundation/Http/Kernel.php(166): Illuminate\\Routing\\Router->dispatch()
#28 /home/ahmed/blogme/vendor/laravel/framework/src/Illuminate/Pipeline/Pipeline.php(128): Illuminate\\Foundation\\Http\\Kernel->Illuminate\\Foundation\\Http\\{closure}()
#29 /home/ahmed/blogme/vendor/laravel/framework/src/Illuminate/Foundation/Http/Middleware/TransformsRequest.php(21): Illuminate\\Pipeline\\Pipeline->Illuminate\\Pipeline\\{closure}()
#30 /home/ahmed/blogme/vendor/laravel/framework/src/Illuminate/Pipeline/Pipeline.php(167): Illuminate\\Foundation\\Http\\Middleware\\TransformsRequest->handle()
#31 /home/ahmed/blogme/vendor/laravel/framework/src/Illuminate/Foundation/Http/Middleware/TransformsRequest.php(21): Illuminate\\Pipeline\\Pipeline->Illuminate\\Pipeline\\{closure}()
#32 /home/ahmed/blogme/vendor/laravel/framework/src/Illuminate/Pipeline/Pipeline.php(167): Illuminate\\Foundation\\Http\\Middleware\\TransformsRequest->handle()
#33 /home/ahmed/blogme/vendor/laravel/framework/src/Illuminate/Foundation/Http/Middleware/ValidatePostSize.php(27): Illuminate\\Pipeline\\Pipeline->Illuminate\\Pipeline\\{closure}()
#34 /home/ahmed/blogme/vendor/laravel/framework/src/Illuminate/Pipeline/Pipeline.php(167): Illuminate\\Foundation\\Http\\Middleware\\ValidatePostSize->handle()
#35 /home/ahmed/blogme/vendor/laravel/framework/src/Illuminate/Foundation/Http/Middleware/PreventRequestsDuringMaintenance.php(87): Illuminate\\Pipeline\\Pipeline->Illuminate\\Pipeline\\{closure}()
#36 /home/ahmed/blogme/vendor/laravel/framework/src/Illuminate/Pipeline/Pipeline.php(167): Illuminate\\Foundation\\Http\\Middleware\\PreventRequestsDuringMaintenance->handle()
#37 /home/ahmed/blogme/vendor/fruitcake/laravel-cors/src/HandleCors.php(37): Illuminate\\Pipeline\\Pipeline->Illuminate\\Pipeline\\{closure}()
#38 /home/ahmed/blogme/vendor/laravel/framework/src/Illuminate/Pipeline/Pipeline.php(167): Fruitcake\\Cors\\HandleCors->handle()
#39 /home/ahmed/blogme/vendor/fideloper/proxy/src/TrustProxies.php(57): Illuminate\\Pipeline\\Pipeline->Illuminate\\Pipeline\\{closure}()
#40 /home/ahmed/blogme/vendor/laravel/framework/src/Illuminate/Pipeline/Pipeline.php(167): Fideloper\\Proxy\\TrustProxies->handle()
#41 /home/ahmed/blogme/vendor/laravel/framework/src/Illuminate/Pipeline/Pipeline.php(103): Illuminate\\Pipeline\\Pipeline->Illuminate\\Pipeline\\{closure}()
#42 /home/ahmed/blogme/vendor/laravel/framework/src/Illuminate/Foundation/Http/Kernel.php(141): Illuminate\\Pipeline\\Pipeline->then()
#43 /home/ahmed/blogme/vendor/laravel/framework/src/Illuminate/Foundation/Http/Kernel.php(110): Illuminate\\Foundation\\Http\\Kernel->sendRequestThroughRouter()
#44 /home/ahmed/blogme/public/index.php(52): Illuminate\\Foundation\\Http\\Kernel->handle()
#45 /home/ahmed/blogme/server.php(21): require_once('/home/ahmed/blo...')
#46 {main}

[previous exception] [object] (PDOException(code: 1698): SQLSTATE[HY000] [1698] Access denied for user 'root'@'localhost' at /home/ahmed/blogme/vendor/laravel/framework/src/Illuminate/Database/Connectors/Connector.php:70)
[stacktrace]
#0 /home/ahmed/blogme/vendor/laravel/framework/src/Illuminate/Database/Connectors/Connector.php(70): PDO->__construct()
#1 /home/ahmed/blogme/vendor/laravel/framework/src/Illuminate/Database/Connectors/Connector.php(46): Illuminate\\Database\\Connectors\\Connector->createPdoConnection()
#2 /home/ahmed/blogme/vendor/laravel/framework/src/Illuminate/Database/Connectors/MySqlConnector.php(24): Illuminate\\Database\\Connectors\\Connector->createConnection()
#3 /home/ahmed/blogme/vendor/laravel/framework/src/Illuminate/Database/Connectors/ConnectionFactory.php(184): Illuminate\\Database\\Connectors\\MySqlConnector->connect()
#4 [internal function]: Illuminate\\Database\\Connectors\\ConnectionFactory->Illuminate\\Database\\Connectors\\{closure}()
#5 /home/ahmed/blogme/vendor/laravel/framework/src/Illuminate/Database/Connection.php(926): call_user_func()
#6 /home/ahmed/blogme/vendor/laravel/framework/src/Illuminate/Database/Connection.php(961): Illuminate\\Database\\Connection->getPdo()
#7 /home/ahmed/blogme/vendor/laravel/framework/src/Illuminate/Database/Connection.php(405): Illuminate\\Database\\Connection->getReadPdo()
#8 /home/ahmed/blogme/vendor/laravel/framework/src/Illuminate/Database/Connection.php(331): Illuminate\\Database\\Connection->getPdoForSelect()
#9 /home/ahmed/blogme/vendor/laravel/framework/src/Illuminate/Database/Connection.php(664): Illuminate\\Database\\Connection->Illuminate\\Database\\{closure}()
#10 /home/ahmed/blogme/vendor/laravel/framework/src/Illuminate/Database/Connection.php(631): Illuminate\\Database\\Connection->runQueryCallback()
#11 /home/ahmed/blogme/vendor/laravel/framework/src/Illuminate/Database/Connection.php(339): Illuminate\\Database\\Connection->run()
#12 /home/ahmed/blogme/vendor/laravel/framework/src/Illuminate/Database/Query/Builder.php(2282): Illuminate\\Database\\Connection->select()
#13 /home/ahmed/blogme/vendor/laravel/framework/src/Illuminate/Database/Query/Builder.php(2270): Illuminate\\Database\\Query\\Builder->runSelect()
#14 /home/ahmed/blogme/vendor/laravel/framework/src/Illuminate/Database/Query/Builder.php(2765): Illuminate\\Database\\Query\\Builder->Illuminate\\Database\\Query\\{closure}()
#15 /home/ahmed/blogme/vendor/laravel/framework/src/Illuminate/Database/Query/Builder.php(2271): Illuminate\\Database\\Query\\Builder->onceWithColumns()
#16 /home/ahmed/blogme/vendor/laravel/framework/src/Illuminate/Database/Concerns/BuildsQueries.php(147): Illuminate\\Database\\Query\\Builder->get()
#17 /home/ahmed/blogme/vendor/laravel/framework/src/Illuminate/Database/Query/Builder.php(2245): Illuminate\\Database\\Query\\Builder->first()
#18 /home/ahmed/blogme/vendor/laravel/framework/src/Illuminate/Session/DatabaseSessionHandler.php(91): Illuminate\\Database\\Query\\Builder->find()
#19 /home/ahmed/blogme/vendor/laravel/framework/src/Illuminate/Session/Store.php(97): Illuminate\\Session\\DatabaseSessionHandler->read()
#20 /home/ahmed/blogme/vendor/laravel/framework/src/Illuminate/Session/Store.php(87): Illuminate\\Session\\Store->readFromHandler()
#21 /home/ahmed/blogme/vendor/laravel/framework/src/Illuminate/Session/Store.php(71): Illuminate\\Session\\Store->loadSession()
#22 /home/ahmed/blogme/vendor/laravel/framework/src/Illuminate/Session/Middleware/StartSession.php(142): Illuminate\\Session\\Store->start()
#23 /home/ahmed/blogme/vendor/laravel/framework/src/Illuminate/Support/helpers.php(263): Illuminate\\Session\\Middleware\\StartSession->Illuminate\\Session\\Middleware\\{closure}()
#24 /home/ahmed/blogme/vendor/laravel/framework/src/Illuminate/Session/Middleware/StartSession.php(143): tap()
#25 /home/ahmed/blogme/vendor/laravel/framework/src/Illuminate/Session/Middleware/StartSession.php(111): Illuminate\\Session\\Middleware\\StartSession->startSession()
#26 /home/ahmed/blogme/vendor/laravel/framework/src/Illuminate/Session/Middleware/StartSession.php(62): Illuminate\\Session\\Middleware\\StartSession->handleStatefulRequest()
#27 /home/ahmed/blogme/vendor/laravel/framework/src/Illuminate/Pipeline/Pipeline.php(167): Illuminate\\Session\\Middleware\\StartSession->handle()
#28 /home/ahmed/blogme/vendor/laravel/framework/src/Illuminate/Cookie/Middleware/AddQueuedCookiesToResponse.php(37): Illuminate\\Pipeline\\Pipeline->Illuminate\\Pipeline\\{closure}()
#29 /home/ahmed/blogme/vendor/laravel/framework/src/Illuminate/Pipeline/Pipeline.php(167): Illuminate\\Cookie\\Middleware\\AddQueuedCookiesToResponse->handle()
#30 /home/ahmed/blogme/vendor/laravel/framework/src/Illuminate/Cookie/Middleware/EncryptCookies.php(67): Illuminate\\Pipeline\\Pipeline->Illuminate\\Pipeline\\{closure}()
#31 /home/ahmed/blogme/vendor/laravel/framework/src/Illuminate/Pipeline/Pipeline.php(167): Illuminate\\Cookie\\Middleware\\EncryptCookies->handle()
#32 /home/ahmed/blogme/vendor/laravel/framework/src/Illuminate/Pipeline/Pipeline.php(103): Illuminate\\Pipeline\\Pipeline->Illuminate\\Pipeline\\{closure}()
#33 /home/ahmed/blogme/vendor/laravel/framework/src/Illuminate/Routing/Router.php(693): Illuminate\\Pipeline\\Pipeline->then()
#34 /home/ahmed/blogme/vendor/laravel/framework/src/Illuminate/Routing/Router.php(668): Illuminate\\Routing\\Router->runRouteWithinStack()
#35 /home/ahmed/blogme/vendor/laravel/framework/src/Illuminate/Routing/Router.php(634): Illuminate\\Routing\\Router->runRoute()
#36 /home/ahmed/blogme/vendor/laravel/framework/src/Illuminate/Routing/Router.php(623): Illuminate\\Routing\\Router->dispatchToRoute()
#37 /home/ahmed/blogme/vendor/laravel/framework/src/Illuminate/Foundation/Http/Kernel.php(166): Illuminate\\Routing\\Router->dispatch()
#38 /home/ahmed/blogme/vendor/laravel/framework/src/Illuminate/Pipeline/Pipeline.php(128): Illuminate\\Foundation\\Http\\Kernel->Illuminate\\Foundation\\Http\\{closure}()
#39 /home/ahmed/blogme/vendor/laravel/framework/src/Illuminate/Foundation/Http/Middleware/TransformsRequest.php(21): Illuminate\\Pipeline\\Pipeline->Illuminate\\Pipeline\\{closure}()
#40 /home/ahmed/blogme/vendor/laravel/framework/src/Illuminate/Pipeline/Pipeline.php(167): Illuminate\\Foundation\\Http\\Middleware\\TransformsRequest->handle()
#41 /home/ahmed/blogme/vendor/laravel/framework/src/Illuminate/Foundation/Http/Middleware/TransformsRequest.php(21): Illuminate\\Pipeline\\Pipeline->Illuminate\\Pipeline\\{closure}()
#42 /home/ahmed/blogme/vendor/laravel/framework/src/Illuminate/Pipeline/Pipeline.php(167): Illuminate\\Foundation\\Http\\Middleware\\TransformsRequest->handle()
#43 /home/ahmed/blogme/vendor/laravel/framework/src/Illuminate/Foundation/Http/Middleware/ValidatePostSize.php(27): Illuminate\\Pipeline\\Pipeline->Illuminate\\Pipeline\\{closure}()
#44 /home/ahmed/blogme/vendor/laravel/framework/src/Illuminate/Pipeline/Pipeline.php(167): Illuminate\\Foundation\\Http\\Middleware\\ValidatePostSize->handle()
#45 /home/ahmed/blogme/vendor/laravel/framework/src/Illuminate/Foundation/Http/Middleware/PreventRequestsDuringMaintenance.php(87): Illuminate\\Pipeline\\Pipeline->Illuminate\\Pipeline\\{closure}()
#46 /home/ahmed/blogme/vendor/laravel/framework/src/Illuminate/Pipeline/Pipeline.php(167): Illuminate\\Foundation\\Http\\Middleware\\PreventRequestsDuringMaintenance->handle()
#47 /home/ahmed/blogme/vendor/fruitcake/laravel-cors/src/HandleCors.php(37): Illuminate\\Pipeline\\Pipeline->Illuminate\\Pipeline\\{closure}()
#48 /home/ahmed/blogme/vendor/laravel/framework/src/Illuminate/Pipeline/Pipeline.php(167): Fruitcake\\Cors\\HandleCors->handle()
#49 /home/ahmed/blogme/vendor/fideloper/proxy/src/TrustProxies.php(57): Illuminate\\Pipeline\\Pipeline->Illuminate\\Pipeline\\{closure}()
#50 /home/ahmed/blogme/vendor/laravel/framework/src/Illuminate/Pipeline/Pipeline.php(167): Fideloper\\Proxy\\TrustProxies->handle()
#51 /home/ahmed/blogme/vendor/laravel/framework/src/Illuminate/Pipeline/Pipeline.php(103): Illuminate\\Pipeline\\Pipeline->Illuminate\\Pipeline\\{closure}()
#52 /home/ahmed/blogme/vendor/laravel/framework/src/Illuminate/Foundation/Http/Kernel.php(141): Illuminate\\Pipeline\\Pipeline->then()
#53 /home/ahmed/blogme/vendor/laravel/framework/src/Illuminate/Foundation/Http/Kernel.php(110): Illuminate\\Foundation\\Http\\Kernel->sendRequestThroughRouter()
#54 /home/ahmed/blogme/public/index.php(52): Illuminate\\Foundation\\Http\\Kernel->handle()
#55 /home/ahmed/blogme/server.php(21): require_once('/home/ahmed/blo...')
#56 {main}
"} 
